{"synthetic": false,
 "schemaVersion": "2025-09-10",
 "outputs":
 {"o": ["5742b912fbadabda.olean"],
  "i": "c57ae978786c8f8b.ilean",
  "c": "ec4b9c76c7eaca44.c"},
 "log":
 [{"message":
   ".> LEAN_PATH=/Users/jsiek/AI-for-pl/SystemF/lean/.lake/build/lib/lean /Users/jsiek/.elan/toolchains/leanprover--lean4---v4.28.0/bin/lean -Dlinter.unnecessarySimpa=false -Dlinter.unusedVariables=false /Users/jsiek/AI-for-pl/SystemF/lean/SystemF.lean -o /Users/jsiek/AI-for-pl/SystemF/lean/.lake/build/lib/lean/SystemF.olean -i /Users/jsiek/AI-for-pl/SystemF/lean/.lake/build/lib/lean/SystemF.ilean -c /Users/jsiek/AI-for-pl/SystemF/lean/.lake/build/ir/SystemF.c --setup /Users/jsiek/AI-for-pl/SystemF/lean/.lake/build/ir/SystemF.setup.json --json",
   "level": "trace"}],
 "inputs":
 [["SystemF:deps",
   [["deps",
     [["systemf/SystemF:extraDep", [["@systemf:extraDep", "00000000000006bb"]]],
      ["imports",
       [["extrinsic.Types transitive imports (legacy)", "00000000000006bb"],
        ["extrinsic.Types:importAllArts", "1c9cff6a4645f1aa"],
        ["extrinsic.TypeSubst transitive imports (legacy)", "9fb16c114b6c7f91"],
        ["extrinsic.TypeSubst:importAllArts", "57d3d0eeb77ebe06"],
        ["extrinsic.Terms transitive imports (legacy)", "9d7e91940feaa2ec"],
        ["extrinsic.Terms:importAllArts", "12fa0b007ca0ac30"],
        ["extrinsic.Reduction transitive imports (legacy)", "22a516cfff6f2da0"],
        ["extrinsic.Reduction:importAllArts", "dbe6488285ced517"],
        ["extrinsic.Progress transitive imports (legacy)", "d266eba2f9e64e0a"],
        ["extrinsic.Progress:importAllArts", "975d5f8612a5393a"],
        ["extrinsic.Preservation transitive imports (legacy)",
         "b1190c6cece5a226"],
        ["extrinsic.Preservation:importAllArts", "b080ee241f165df1"],
        ["extrinsic.TypeSafety transitive imports (legacy)",
         "9bec8e9e44af47c9"],
        ["extrinsic.TypeSafety:importAllArts", "064d806d7fcddb4e"],
        ["extrinsic.Eval transitive imports (legacy)", "e131eec5880651b8"],
        ["extrinsic.Eval:importAllArts", "87c92c05b5e27666"],
        ["extrinsic.LogicalRelation transitive imports (legacy)",
         "d266eba2f9e64e0a"],
        ["extrinsic.LogicalRelation:importAllArts", "607c10af1fe8210e"],
        ["extrinsic.Parametricity transitive imports (legacy)",
         "1572f0b8e9ebec3f"],
        ["extrinsic.Parametricity:importAllArts", "be229d57ecd068b2"],
        ["extrinsic.FreeTheorems transitive imports (legacy)",
         "ff69b0ffc1746320"],
        ["extrinsic.FreeTheorems:importAllArts", "2d0c2ae6f873d55f"],
        ["extrinsic.Examples transitive imports (legacy)", "9bec8e9e44af47c9"],
        ["extrinsic.Examples:importAllArts", "60b05819f4ec16f8"]]]]],
    ["libs",
     [["import dynlibs", "00000000000006bb"],
      ["package external libraries", "00000000000006bb"],
      ["module dynlibs", "00000000000006bb"],
      ["module plugins", "00000000000006bb"]]]]],
  ["Lean 4.28.0, commit 7e01a1bf5c70fc6167d49c345d3bf80596e9a79b",
   "a96bc04a2e5e9630"],
  ["/Users/jsiek/AI-for-pl/SystemF/lean/SystemF.lean", "2a38b320da41198f"],
  ["options", "00000000000006bb"],
  ["Module.leanArgs: #[-Dlinter.unnecessarySimpa=false, -Dlinter.unusedVariables=false]",
   "9b9903831819e5ca"]],
 "depHash": "903457cde0d5735c"}