{"synthetic": false,
 "schemaVersion": "2025-09-10",
 "outputs":
 {"o": ["18f559275f4840b1.olean"],
  "i": "bd1142bb21e0e00a.ilean",
  "c": "b8e916936057c8b5.c"},
 "log":
 [{"message":
   ".> LEAN_PATH=/Users/jsiek/AI-for-pl/STLC/lean/.lake/build/lib/lean /Users/jsiek/.elan/toolchains/leanprover--lean4---v4.28.0/bin/lean /Users/jsiek/AI-for-pl/STLC/lean/STLC.lean -o /Users/jsiek/AI-for-pl/STLC/lean/.lake/build/lib/lean/STLC.olean -i /Users/jsiek/AI-for-pl/STLC/lean/.lake/build/lib/lean/STLC.ilean -c /Users/jsiek/AI-for-pl/STLC/lean/.lake/build/ir/STLC.c --setup /Users/jsiek/AI-for-pl/STLC/lean/.lake/build/ir/STLC.setup.json --json",
   "level": "trace"}],
 "inputs":
 [["STLC:deps",
   [["deps",
     [["stlc/Stlc:extraDep", [["@stlc:extraDep", "00000000000006bb"]]],
      ["imports", "00000000000006bb"]]],
    ["libs",
     [["import dynlibs", "00000000000006bb"],
      ["package external libraries", "00000000000006bb"],
      ["module dynlibs", "00000000000006bb"],
      ["module plugins", "00000000000006bb"]]]]],
  ["Lean 4.28.0, commit 7e01a1bf5c70fc6167d49c345d3bf80596e9a79b",
   "a96bc04a2e5e9630"],
  ["/Users/jsiek/AI-for-pl/STLC/lean/STLC.lean", "5036e780e090fa7a"],
  ["options", "00000000000006bb"],
  ["Module.leanArgs: #[]", "00000000000006bb"]],
 "depHash": "d14d351110d5c9b8"}