{"synthetic": false,
 "schemaVersion": "2025-09-10",
 "outputs":
 {"o": ["8bd66412b9878e35.olean"],
  "i": "df0d8c97de2d7dc8.ilean",
  "c": "385eade1e6cf92bd.c"},
 "log":
 [{"message":
   ".> LEAN_PATH=/Users/jsiek/AI-for-pl/STLC/lean/.lake/build/lib/lean /Users/jsiek/.elan/toolchains/leanprover--lean4---v4.28.0/bin/lean /Users/jsiek/AI-for-pl/STLC/lean/Termination.lean -o /Users/jsiek/AI-for-pl/STLC/lean/.lake/build/lib/lean/Termination.olean -i /Users/jsiek/AI-for-pl/STLC/lean/.lake/build/lib/lean/Termination.ilean -c /Users/jsiek/AI-for-pl/STLC/lean/.lake/build/ir/Termination.c --setup /Users/jsiek/AI-for-pl/STLC/lean/.lake/build/ir/Termination.setup.json --json",
   "level": "trace"},
  {"message":
   "Termination.lean:136:11: unused variable `T`\n\nNote: This linter can be disabled with `set_option linter.unusedVariables false`",
   "level": "warning"},
  {"message":
   "Termination.lean:136:13: unused variable `N'`\n\nNote: This linter can be disabled with `set_option linter.unusedVariables false`",
   "level": "warning"},
  {"message":
   "Termination.lean:156:19: unused variable `v_L`\n\nNote: This linter can be disabled with `set_option linter.unusedVariables false`",
   "level": "warning"}],
 "inputs":
 [["Termination:deps",
   [["deps",
     [["stlc/Stlc:extraDep", [["@stlc:extraDep", "00000000000006bb"]]],
      ["imports",
       [["STLC transitive imports (legacy)", "00000000000006bb"],
        ["STLC:importAllArts", "737a3f488e3c7198"],
        ["Subst transitive imports (legacy)", "ba338f75ff0ef406"],
        ["Subst:importAllArts", "8ec6f45adb17dd3b"]]]]],
    ["libs",
     [["import dynlibs", "00000000000006bb"],
      ["package external libraries", "00000000000006bb"],
      ["module dynlibs", "00000000000006bb"],
      ["module plugins", "00000000000006bb"]]]]],
  ["Lean 4.28.0, commit 7e01a1bf5c70fc6167d49c345d3bf80596e9a79b",
   "a96bc04a2e5e9630"],
  ["/Users/jsiek/AI-for-pl/STLC/lean/Termination.lean", "685b6800f7380eeb"],
  ["options", "00000000000006bb"],
  ["Module.leanArgs: #[]", "00000000000006bb"]],
 "depHash": "5ed4720e46a36b3c"}