{"synthetic": false,
 "schemaVersion": "2025-09-10",
 "outputs":
 {"o": ["b871049c9e99fd17.olean"],
  "i": "941755c1f1c244aa.ilean",
  "c": "06a18d75107cf283.c"},
 "log":
 [{"message":
   ".> LEAN_PATH=/Users/jsiek/AI-for-pl/lambda/lean/.lake/build/lib/lean /Users/jsiek/.elan/toolchains/leanprover--lean4---v4.28.0/bin/lean /Users/jsiek/AI-for-pl/lambda/lean/BigStep.lean -o /Users/jsiek/AI-for-pl/lambda/lean/.lake/build/lib/lean/BigStep.olean -i /Users/jsiek/AI-for-pl/lambda/lean/.lake/build/lib/lean/BigStep.ilean -c /Users/jsiek/AI-for-pl/lambda/lean/.lake/build/ir/BigStep.c --setup /Users/jsiek/AI-for-pl/lambda/lean/.lake/build/ir/BigStep.setup.json --json",
   "level": "trace"}],
 "inputs":
 [["BigStep:deps",
   [["deps",
     [["lambda/Lambda:extraDep", [["@lambda:extraDep", "00000000000006bb"]]],
      ["imports",
       [["Lambda transitive imports (legacy)", "00000000000006bb"],
        ["Lambda:importAllArts", "de46598e72d86279"],
        ["FullBetaReduction transitive imports (legacy)", "05fb857adee3cbb3"],
        ["FullBetaReduction:importAllArts", "45afb3f8e6ff9c94"],
        ["Congruence transitive imports (legacy)", "56dc70904216ed08"],
        ["Congruence:importAllArts", "aef1634264f23822"],
        ["CBNReduction transitive imports (legacy)", "05fb857adee3cbb3"],
        ["CBNReduction:importAllArts", "d46e07277118e962"]]]]],
    ["libs",
     [["import dynlibs", "00000000000006bb"],
      ["package external libraries", "00000000000006bb"],
      ["module dynlibs", "00000000000006bb"],
      ["module plugins", "00000000000006bb"]]]]],
  ["Lean 4.28.0, commit 7e01a1bf5c70fc6167d49c345d3bf80596e9a79b",
   "a96bc04a2e5e9630"],
  ["/Users/jsiek/AI-for-pl/lambda/lean/BigStep.lean", "5fd944c44cef001c"],
  ["options", "00000000000006bb"],
  ["Module.leanArgs: #[]", "00000000000006bb"]],
 "depHash": "58ab31ca59da6cef"}