{"synthetic": false,
 "schemaVersion": "2025-09-10",
 "outputs":
 {"o": ["f60b5c1925b3f38e.olean"],
  "i": "9d992dc566bc32ce.ilean",
  "c": "fb133af1b4858a78.c"},
 "log":
 [{"message":
   ".> LEAN_PATH=/Users/jsiek/AI-for-pl/lambda/lean/.lake/build/lib/lean /Users/jsiek/.elan/toolchains/leanprover--lean4---v4.28.0/bin/lean /Users/jsiek/AI-for-pl/lambda/lean/CBNBigStep.lean -o /Users/jsiek/AI-for-pl/lambda/lean/.lake/build/lib/lean/CBNBigStep.olean -i /Users/jsiek/AI-for-pl/lambda/lean/.lake/build/lib/lean/CBNBigStep.ilean -c /Users/jsiek/AI-for-pl/lambda/lean/.lake/build/ir/CBNBigStep.c --setup /Users/jsiek/AI-for-pl/lambda/lean/.lake/build/ir/CBNBigStep.setup.json --json",
   "level": "trace"}],
 "inputs":
 [["CBNBigStep:deps",
   [["deps",
     [["lambda/Lambda:extraDep", [["@lambda:extraDep", "00000000000006bb"]]],
      ["imports",
       [["Lambda transitive imports (legacy)", "00000000000006bb"],
        ["Lambda:importAllArts", "de46598e72d86279"],
        ["CBNReduction transitive imports (legacy)", "05fb857adee3cbb3"],
        ["CBNReduction:importAllArts", "e15baaeedcbc79b0"]]]]],
    ["libs",
     [["import dynlibs", "00000000000006bb"],
      ["package external libraries", "00000000000006bb"],
      ["module dynlibs", "00000000000006bb"],
      ["module plugins", "00000000000006bb"]]]]],
  ["Lean 4.28.0, commit 7e01a1bf5c70fc6167d49c345d3bf80596e9a79b",
   "a96bc04a2e5e9630"],
  ["/Users/jsiek/AI-for-pl/lambda/lean/CBNBigStep.lean", "16a4b497288dc9c9"],
  ["options", "00000000000006bb"],
  ["Module.leanArgs: #[]", "00000000000006bb"]],
 "depHash": "4aa67ae91a82b6a2"}