{"synthetic": false,
 "schemaVersion": "2025-09-10",
 "outputs":
 {"o": ["2d1729840d3c7069.olean"],
  "i": "74b5e4360ea3ea41.ilean",
  "c": "3d78ea66cb897641.c"},
 "log":
 [{"message":
   ".> LEAN_PATH=/Users/jsiek/AI-for-pl/lambda/lean/.lake/build/lib/lean /Users/jsiek/.elan/toolchains/leanprover--lean4---v4.28.0/bin/lean /Users/jsiek/AI-for-pl/lambda/lean/Congruence.lean -o /Users/jsiek/AI-for-pl/lambda/lean/.lake/build/lib/lean/Congruence.olean -i /Users/jsiek/AI-for-pl/lambda/lean/.lake/build/lib/lean/Congruence.ilean -c /Users/jsiek/AI-for-pl/lambda/lean/.lake/build/ir/Congruence.c --setup /Users/jsiek/AI-for-pl/lambda/lean/.lake/build/ir/Congruence.setup.json --json",
   "level": "trace"}],
 "inputs":
 [["Congruence:deps",
   [["deps",
     [["lambda/Lambda:extraDep", [["@lambda:extraDep", "00000000000006bb"]]],
      ["imports",
       [["FullBetaReduction transitive imports (legacy)", "05fb857adee3cbb3"],
        ["FullBetaReduction:importAllArts", "45afb3f8e6ff9c94"]]]]],
    ["libs",
     [["import dynlibs", "00000000000006bb"],
      ["package external libraries", "00000000000006bb"],
      ["module dynlibs", "00000000000006bb"],
      ["module plugins", "00000000000006bb"]]]]],
  ["Lean 4.28.0, commit 7e01a1bf5c70fc6167d49c345d3bf80596e9a79b",
   "a96bc04a2e5e9630"],
  ["/Users/jsiek/AI-for-pl/lambda/lean/Congruence.lean", "b468635f01298d7e"],
  ["options", "00000000000006bb"],
  ["Module.leanArgs: #[]", "00000000000006bb"]],
 "depHash": "cf5e0da954ff3eaa"}