{"synthetic": false,
 "schemaVersion": "2025-09-10",
 "outputs":
 {"o": ["3a69747fbd26e0a7.olean"],
  "i": "8b801791eea84c47.ilean",
  "c": "d9a443082eb64de6.c"},
 "log":
 [{"message":
   ".> LEAN_PATH=/Users/jsiek/AI-for-pl/lambda/lean/.lake/build/lib/lean /Users/jsiek/.elan/toolchains/leanprover--lean4---v4.28.0/bin/lean /Users/jsiek/AI-for-pl/lambda/lean/FullBetaReduction.lean -o /Users/jsiek/AI-for-pl/lambda/lean/.lake/build/lib/lean/FullBetaReduction.olean -i /Users/jsiek/AI-for-pl/lambda/lean/.lake/build/lib/lean/FullBetaReduction.ilean -c /Users/jsiek/AI-for-pl/lambda/lean/.lake/build/ir/FullBetaReduction.c --setup /Users/jsiek/AI-for-pl/lambda/lean/.lake/build/ir/FullBetaReduction.setup.json --json",
   "level": "trace"}],
 "inputs":
 [["FullBetaReduction:deps",
   [["deps",
     [["lambda/Lambda:extraDep", [["@lambda:extraDep", "00000000000006bb"]]],
      ["imports",
       [["Lambda transitive imports (legacy)", "00000000000006bb"],
        ["Lambda:importAllArts", "de46598e72d86279"]]]]],
    ["libs",
     [["import dynlibs", "00000000000006bb"],
      ["package external libraries", "00000000000006bb"],
      ["module dynlibs", "00000000000006bb"],
      ["module plugins", "00000000000006bb"]]]]],
  ["Lean 4.28.0, commit 7e01a1bf5c70fc6167d49c345d3bf80596e9a79b",
   "a96bc04a2e5e9630"],
  ["/Users/jsiek/AI-for-pl/lambda/lean/FullBetaReduction.lean",
   "02a9ded946b2ec43"],
  ["options", "00000000000006bb"],
  ["Module.leanArgs: #[]", "00000000000006bb"]],
 "depHash": "1eed74add99dc8ca"}