{"synthetic": false,
 "schemaVersion": "2025-09-10",
 "outputs":
 {"o": ["36fec0980dd450bf.olean"],
  "i": "c0503b8714cf3ac1.ilean",
  "c": "58f017b7884b25eb.c"},
 "log":
 [{"message":
   ".> LEAN_PATH=/Users/jsiek/AI-for-pl/lambda/lean/.lake/build/lib/lean /Users/jsiek/.elan/toolchains/leanprover--lean4---v4.28.0/bin/lean /Users/jsiek/AI-for-pl/lambda/lean/Progress.lean -o /Users/jsiek/AI-for-pl/lambda/lean/.lake/build/lib/lean/Progress.olean -i /Users/jsiek/AI-for-pl/lambda/lean/.lake/build/lib/lean/Progress.ilean -c /Users/jsiek/AI-for-pl/lambda/lean/.lake/build/ir/Progress.c --setup /Users/jsiek/AI-for-pl/lambda/lean/.lake/build/ir/Progress.setup.json --json",
   "level": "trace"}],
 "inputs":
 [["Progress:deps",
   [["deps",
     [["lambda/Lambda:extraDep", [["@lambda:extraDep", "00000000000006bb"]]],
      ["imports",
       [["FullBetaReduction transitive imports (legacy)", "05fb857adee3cbb3"],
        ["FullBetaReduction:importAllArts", "5af633d88c7b2f9c"]]]]],
    ["libs",
     [["import dynlibs", "00000000000006bb"],
      ["package external libraries", "00000000000006bb"],
      ["module dynlibs", "00000000000006bb"],
      ["module plugins", "00000000000006bb"]]]]],
  ["Lean 4.28.0, commit 7e01a1bf5c70fc6167d49c345d3bf80596e9a79b",
   "a96bc04a2e5e9630"],
  ["/Users/jsiek/AI-for-pl/lambda/lean/Progress.lean", "0731f79095da7d00"],
  ["options", "00000000000006bb"],
  ["Module.leanArgs: #[]", "00000000000006bb"]],
 "depHash": "3d320fdb0d8cdacd"}