{"synthetic": false,
 "schemaVersion": "2025-09-10",
 "outputs":
 {"o": ["36db4fe54df6dece.olean"],
  "i": "fe2d146dcb32edeb.ilean",
  "c": "95c2b889fc0ce784.c"},
 "log":
 [{"message":
   ".> LEAN_PATH=/Users/jsiek/AI-for-pl/lambda/lean/.lake/build/lib/lean /Users/jsiek/.elan/toolchains/leanprover--lean4---v4.28.0/bin/lean /Users/jsiek/AI-for-pl/lambda/lean/Subst.lean -o /Users/jsiek/AI-for-pl/lambda/lean/.lake/build/lib/lean/Subst.olean -i /Users/jsiek/AI-for-pl/lambda/lean/.lake/build/lib/lean/Subst.ilean -c /Users/jsiek/AI-for-pl/lambda/lean/.lake/build/ir/Subst.c --setup /Users/jsiek/AI-for-pl/lambda/lean/.lake/build/ir/Subst.setup.json --json",
   "level": "trace"}],
 "inputs":
 [["Subst:deps",
   [["deps",
     [["lambda/Lambda:extraDep", [["@lambda:extraDep", "00000000000006bb"]]],
      ["imports",
       [["Lambda transitive imports (legacy)", "00000000000006bb"],
        ["Lambda:importAllArts", "66bd5d7dc4744aa8"]]]]],
    ["libs",
     [["import dynlibs", "00000000000006bb"],
      ["package external libraries", "00000000000006bb"],
      ["module dynlibs", "00000000000006bb"],
      ["module plugins", "00000000000006bb"]]]]],
  ["Lean 4.28.0, commit 7e01a1bf5c70fc6167d49c345d3bf80596e9a79b",
   "a96bc04a2e5e9630"],
  ["/Users/jsiek/AI-for-pl/lambda/lean/Subst.lean", "2cf6578400dcd02e"],
  ["options", "00000000000006bb"],
  ["Module.leanArgs: #[]", "00000000000006bb"]],
 "depHash": "d28505d0d9b455cf"}