{"synthetic": false,
 "schemaVersion": "2025-09-10",
 "outputs":
 {"o": ["5e65e833c69ee2e9.olean"],
  "i": "a5ed3f241ff5a280.ilean",
  "c": "0f0482d7d2ecae77.c"},
 "log":
 [{"message":
   ".> LEAN_PATH=/Users/jsiek/AI-for-pl/SystemF/lean/.lake/build/lib/lean /Users/jsiek/.elan/toolchains/leanprover--lean4---v4.28.0/bin/lean /Users/jsiek/AI-for-pl/SystemF/lean/extrinsic/ProductOmega.lean -o /Users/jsiek/AI-for-pl/SystemF/lean/.lake/build/lib/lean/extrinsic/ProductOmega.olean -i /Users/jsiek/AI-for-pl/SystemF/lean/.lake/build/lib/lean/extrinsic/ProductOmega.ilean -c /Users/jsiek/AI-for-pl/SystemF/lean/.lake/build/ir/extrinsic/ProductOmega.c --setup /Users/jsiek/AI-for-pl/SystemF/lean/.lake/build/ir/extrinsic/ProductOmega.setup.json --json",
   "level": "trace"}],
 "inputs":
 [["extrinsic.ProductOmega:deps",
   [["deps",
     [["systemf/SystemF:extraDep", [["@systemf:extraDep", "00000000000006bb"]]],
      ["imports", "00000000000006bb"]]],
    ["libs",
     [["import dynlibs", "00000000000006bb"],
      ["package external libraries", "00000000000006bb"],
      ["module dynlibs", "00000000000006bb"],
      ["module plugins", "00000000000006bb"]]]]],
  ["Lean 4.28.0, commit 7e01a1bf5c70fc6167d49c345d3bf80596e9a79b",
   "a96bc04a2e5e9630"],
  ["/Users/jsiek/AI-for-pl/SystemF/lean/extrinsic/ProductOmega.lean",
   "95cc7be2174563f2"],
  ["options", "00000000000006bb"],
  ["Module.leanArgs: #[]", "00000000000006bb"]],
 "depHash": "c9aef35da3e98413"}