{"synthetic": false,
 "schemaVersion": "2025-09-10",
 "outputs":
 {"o": ["9bd39502e97f52a9.olean"],
  "i": "76cab29be70c45a5.ilean",
  "c": "e75c19b028317908.c"},
 "log":
 [{"message":
   ".> LEAN_PATH=/Users/jsiek/AI-for-pl/SystemF/lean/.lake/build/lib/lean /Users/jsiek/.elan/toolchains/leanprover--lean4---v4.28.0/bin/lean -Dlinter.unnecessarySimpa=false -Dlinter.unusedVariables=false /Users/jsiek/AI-for-pl/SystemF/lean/extrinsic/TypeSafety.lean -o /Users/jsiek/AI-for-pl/SystemF/lean/.lake/build/lib/lean/extrinsic/TypeSafety.olean -i /Users/jsiek/AI-for-pl/SystemF/lean/.lake/build/lib/lean/extrinsic/TypeSafety.ilean -c /Users/jsiek/AI-for-pl/SystemF/lean/.lake/build/ir/extrinsic/TypeSafety.c --setup /Users/jsiek/AI-for-pl/SystemF/lean/.lake/build/ir/extrinsic/TypeSafety.setup.json --json",
   "level": "trace"}],
 "inputs":
 [["extrinsic.TypeSafety:deps",
   [["deps",
     [["systemf/SystemF:extraDep", [["@systemf:extraDep", "00000000000006bb"]]],
      ["imports",
       [["extrinsic.Preservation transitive imports (legacy)",
         "b1190c6cece5a226"],
        ["extrinsic.Preservation:importAllArts", "b080ee241f165df1"]]]]],
    ["libs",
     [["import dynlibs", "00000000000006bb"],
      ["package external libraries", "00000000000006bb"],
      ["module dynlibs", "00000000000006bb"],
      ["module plugins", "00000000000006bb"]]]]],
  ["Lean 4.28.0, commit 7e01a1bf5c70fc6167d49c345d3bf80596e9a79b",
   "a96bc04a2e5e9630"],
  ["/Users/jsiek/AI-for-pl/SystemF/lean/extrinsic/TypeSafety.lean",
   "fe833471ba95e9d9"],
  ["options", "00000000000006bb"],
  ["Module.leanArgs: #[-Dlinter.unnecessarySimpa=false, -Dlinter.unusedVariables=false]",
   "9b9903831819e5ca"]],
 "depHash": "68cc5ec87a0e26e4"}