{"synthetic": false,
 "schemaVersion": "2025-09-10",
 "outputs":
 {"o": ["8589fc3fbbbdfea7.olean"],
  "i": "262742b6569c10a4.ilean",
  "c": "c27ab499f232377c.c"},
 "log":
 [{"message":
   ".> LEAN_PATH=/Users/jsiek/AI-for-pl/STLC/.lake/build/lib/lean /Users/jsiek/.elan/toolchains/leanprover--lean4---v4.28.0/bin/lean /Users/jsiek/AI-for-pl/STLC/TypeSafety.lean -o /Users/jsiek/AI-for-pl/STLC/.lake/build/lib/lean/TypeSafety.olean -i /Users/jsiek/AI-for-pl/STLC/.lake/build/lib/lean/TypeSafety.ilean -c /Users/jsiek/AI-for-pl/STLC/.lake/build/ir/TypeSafety.c --setup /Users/jsiek/AI-for-pl/STLC/.lake/build/ir/TypeSafety.setup.json --json",
   "level": "trace"}],
 "inputs":
 [["TypeSafety:deps",
   [["deps",
     [["stlc/Stlc:extraDep", [["@stlc:extraDep", "00000000000006bb"]]],
      ["imports",
       [["STLC transitive imports (legacy)", "00000000000006bb"],
        ["STLC:importAllArts", "2d7f809371cd23e5"]]]]],
    ["libs",
     [["import dynlibs", "00000000000006bb"],
      ["package external libraries", "00000000000006bb"],
      ["module dynlibs", "00000000000006bb"],
      ["module plugins", "00000000000006bb"]]]]],
  ["Lean 4.28.0, commit 7e01a1bf5c70fc6167d49c345d3bf80596e9a79b",
   "a96bc04a2e5e9630"],
  ["/Users/jsiek/AI-for-pl/STLC/TypeSafety.lean", "47db42172d5cdd7c"],
  ["options", "00000000000006bb"],
  ["Module.leanArgs: #[]", "00000000000006bb"]],
 "depHash": "3233b3630062cef4"}